2024-07-12T18:43:18.103Z [31merror[39m: Error fetching repository details: Request failed with status code 401
2024-07-12T18:43:48.367Z [31merror[39m: Error fetching repository contributors: Request failed with status code 401
2024-07-12T18:46:19.308Z [31merror[39m: Error fetching repository details: Request failed with status code 401
2024-07-12T18:48:24.720Z [31merror[39m: Error fetching repository details: Request failed with status code 401
2024-07-12T18:50:21.785Z [31merror[39m: Error fetching repository details: socket hang up
2024-07-12T18:54:47.518Z [32minfo[39m: Fetched repository details for microsoft/typescript
2024-07-12T18:56:43.516Z [32minfo[39m: Fetched repository contributors for microsoft/typescript
2024-07-12T19:05:32.671Z [32minfo[39m: Fetched repository issues for microsoft/typescript
2024-07-12T19:12:22.877Z [31merror[39m: Error fetching repository commits: getaddrinfo ENOTFOUND api.github.com
2024-07-12T19:12:58.669Z [31merror[39m: Error fetching repository commits: getaddrinfo ENOTFOUND api.github.com
2024-07-12T19:14:02.989Z [31merror[39m: Error fetching repository commits: getaddrinfo ENOTFOUND api.github.com
2024-07-12T19:14:45.628Z [32minfo[39m: Fetched repository commits for microsoft/typescript
2024-07-12T19:20:46.310Z [32minfo[39m: Fetched repository details for microsoft/typescript
2024-07-12T19:20:46.814Z [32minfo[39m: Fetched repository details for microsoft/typescript
2024-07-12T19:22:03.425Z [32minfo[39m: Fetched repository details for microsoft/typescript
2024-07-12T19:22:03.887Z [32minfo[39m: Fetched repository details for microsoft/typescript
2024-07-12T19:22:44.966Z [32minfo[39m: Fetched repository details for microsoft/typescript
2024-07-12T19:22:45.788Z [32minfo[39m: Fetched repository details for microsoft/typescript
2024-07-12T19:23:37.649Z [32minfo[39m: Fetched repository details for microsoft/typescript
2024-07-12T19:23:38.184Z [32minfo[39m: Fetched repository details for microsoft/typescript
2024-07-12T19:24:35.984Z [32minfo[39m: Fetched repository details for microsoft/typescript
2024-07-12T19:24:36.440Z [32minfo[39m: Fetched repository details for microsoft/typescript
2024-07-12T19:25:11.610Z [32minfo[39m: Fetched repository details for microsoft/typescript
2024-07-12T19:25:12.108Z [32minfo[39m: Fetched repository details for microsoft/typescript
2024-07-12T19:27:57.425Z [32minfo[39m: Fetched repository details for microsoft/typescript
2024-07-12T19:31:37.668Z [32minfo[39m: Fetched repository details for microsoft/typescript
2024-07-12T19:36:23.178Z [32minfo[39m: Fetched repository details for microsoft/typescript
2024-07-12T20:09:47.309Z [32minfo[39m: Fetched repository commits for microsoft/typescript
2024-07-12T20:09:47.754Z [32minfo[39m: Fetched repository contributors for microsoft/typescript
2024-07-12T20:32:49.985Z [32minfo[39m: Fetched repository commits for microsoft/typescript
2024-07-12T20:32:50.461Z [32minfo[39m: Fetched repository contributors for microsoft/typescript
2024-07-12T20:33:02.131Z [32minfo[39m: Fetched repository commits for microsoft/typescript
2024-07-12T20:33:02.568Z [32minfo[39m: Fetched repository contributors for microsoft/typescript
2024-07-12T20:33:31.440Z [32minfo[39m: Fetched repository commits for microsoft/typescript
2024-07-12T20:33:31.880Z [32minfo[39m: Fetched repository contributors for microsoft/typescript
2024-07-12T20:34:10.642Z [32minfo[39m: Fetched repository commits for microsoft/typescript
2024-07-12T20:34:11.429Z [32minfo[39m: Fetched repository contributors for microsoft/typescript
